D:\CODEBLOCK\MYLINKLIST\MYLINKLIST\DEBUG\MAIN.OBJ
D:\CODEBLOCK\MYLINKLIST\MYLINKLIST\DEBUG\VC110.PDB
D:\CODEBLOCK\MYLINKLIST\MYLINKLIST\DEBUG\MYLINK.OBJ
D:\CODEBLOCK\MYLINKLIST\DEBUG\MYLINKLIST.ILK
D:\CODEBLOCK\MYLINKLIST\DEBUG\MYLINKLIST.EXE
D:\CODEBLOCK\MYLINKLIST\DEBUG\MYLINKLIST.PDB
D:\codeblock\mylinklist\mylinklist\Debug\main.obj
D:\codeblock\mylinklist\mylinklist\Debug\cl.command.1.tlog
D:\codeblock\mylinklist\mylinklist\Debug\CL.read.1.tlog
D:\codeblock\mylinklist\mylinklist\Debug\CL.write.1.tlog
D:\codeblock\mylinklist\mylinklist\Debug\link-cvtres.read.1.tlog
D:\codeblock\mylinklist\mylinklist\Debug\link-cvtres.write.1.tlog
D:\codeblock\mylinklist\mylinklist\Debug\link-rc.read.1.tlog
D:\codeblock\mylinklist\mylinklist\Debug\link-rc.write.1.tlog
D:\codeblock\mylinklist\mylinklist\Debug\link.2524-cvtres.read.1.tlog
D:\codeblock\mylinklist\mylinklist\Debug\link.2524-cvtres.write.1.tlog
D:\codeblock\mylinklist\mylinklist\Debug\link.2524-rc.read.1.tlog
D:\codeblock\mylinklist\mylinklist\Debug\link.2524-rc.write.1.tlog
D:\codeblock\mylinklist\mylinklist\Debug\link.2524.read.1.tlog
D:\codeblock\mylinklist\mylinklist\Debug\link.2524.write.1.tlog
D:\codeblock\mylinklist\mylinklist\Debug\link.5640-cvtres.read.1.tlog
D:\codeblock\mylinklist\mylinklist\Debug\link.5640-cvtres.write.1.tlog
D:\codeblock\mylinklist\mylinklist\Debug\link.5640-rc.read.1.tlog
D:\codeblock\mylinklist\mylinklist\Debug\link.5640-rc.write.1.tlog
D:\codeblock\mylinklist\mylinklist\Debug\link.5640.read.1.tlog
D:\codeblock\mylinklist\mylinklist\Debug\link.5640.write.1.tlog
D:\codeblock\mylinklist\mylinklist\Debug\link.command.1.tlog
D:\codeblock\mylinklist\mylinklist\Debug\link.read.1.tlog
D:\codeblock\mylinklist\mylinklist\Debug\link.write.1.tlog
D:\codeblock\mylinklist\mylinklist\Debug\vc110.idb
D:\codeblock\mylinklist\mylinklist\Debug\vc110.pdb
D:\codeblock\mylinklist\Debug\mylinklist.pdb
D:\codeblock\mylinklist\Debug\mylinklist.exe
D:\codeblock\mylinklist\Debug\mylinklist.ilk
